2018-04-30 09:03:56.760 INFO [main #0] Recording logs to  /home/tom/.config/extraterm/extraterm.log
2018-04-30 09:03:56.770 INFO [MainExtensionManager #0] Read extension metadata from 'audio-viewer'. 
2018-04-30 09:03:56.771 INFO [MainExtensionManager #0] Read extension metadata from 'inject-shell-integration'. 
2018-04-30 09:03:56.771 INFO [MainExtensionManager #0] Read extension metadata from 'text-viewer-syntax_highlighting'. 
2018-04-30 09:03:56.772 INFO [MainExtensionManager #0] Read extension metadata from 'text-viewer-tab-width'. 
2018-04-30 09:03:56.777 INFO [main #0] Reading user configuration from /home/tom/.config/extraterm/extraterm.json 
2018-04-30 09:03:56.847 INFO [main #0] args [
    "/home/tom/apps/extraterm/extraterm"
]
2018-04-30 09:03:56.851 INFO [main #0] Display scale factor is  1
2018-04-30 09:03:56.852 INFO [main #0] originalFactorArg: 
2018-04-30 09:03:56.852 INFO [main #0] originalScaleFactor: 1
2018-04-30 09:03:56.936 INFO [BulkFileProtocolConnector #0] Bulk file server running on 127.0.0.1 port 45615 
2018-04-30 09:03:57.734 DEBUG [main #0] Full config:  {
    "systemConfig": {
        "homeDir": "/home/tom",
        "keyBindingsContexts": {
            "name": "PC style bindings",
            "main-ui": {
                "Ctrl-,": "selectTabLeft",
                "Ctrl-.": "selectTabRight",
                "Ctrl-Shift-T": "newTerminal",
                "Ctrl-Shift-Q": "closeTab",
                "Ctrl-Shift-<": "selectPaneLeft",
                "Ctrl-Shift->": "selectPaneRight",
                "Ctrl-Shift-:": "selectPaneAbove",
                "Ctrl-Shift-?": "selectPaneBelow",
                "Ctrl-Alt-,": "moveTabLeft",
                "Ctrl-Alt-.": "moveTabRight",
                "Ctrl-Alt-;": "moveTabUp",
                "Ctrl-Alt-/": "moveTabDown"
            },
            "terminal-default-mode": {
                "Ctrl-Shift-Space": "enterCursorMode",
                "Shift-PageUp": "scrollPageUp",
                "Shift-PageDown": "scrollPageDown",
                "Ctrl-Shift-PageUp": "goToPreviousFrame",
                "Ctrl-Shift-PageDown": "goToNextFrame",
                "Ctrl-Shift-C": "copyToClipboard",
                "Shift-Insert": "pasteFromClipboard",
                "Ctrl-Shift-V": "pasteFromClipboard",
                "Ctrl-Shift-W": "deleteLastFrame",
                "Ctrl-Shift-O": "openLastFrame",
                "Ctrl-Plus": "increaseFontSize",
                "Ctrl-Minus": "decreaseFontSize",
                "Ctrl-=": "resetFontSize"
            },
            "terminal-cursor-mode": {
                "Ctrl-Shift-Space": "enterNormalMode",
                "Shift-PageUp": "scrollPageUp",
                "Shift-PageDown": "scrollPageDown",
                "Ctrl-Shift-PageUp": "goToPreviousFrame",
                "Ctrl-Shift-PageDown": "goToNextFrame",
                "Ctrl-Shift-C": "copyToClipboard",
                "Ctrl-c": "copyToClipboard",
                "Shift-Insert": "pasteFromClipboard",
                "Ctrl-Shift-V": "pasteFromClipboard",
                "Ctrl-v": "pasteFromClipboard",
                "Ctrl-Plus": "increaseFontSize",
                "Ctrl-Minus": "decreaseFontSize",
                "Ctrl-=": "resetFontSize"
            },
            "codemirror": {
                "Left": "goCharLeft",
                "Right": "goCharRight",
                "Up": "goLineUp",
                "Down": "goLineDown",
                "End": "goLineEnd",
                "Home": "goLineStartSmart",
                "PageUp": "goPageUp",
                "PageDown": "goPageDown",
                "Delete": "delCharAfter",
                "Backspace": "delCharBefore",
                "Shift-Backspace": "delCharBefore",
                "Tab": "defaultTab",
                "Shift-Tab": "indentAuto",
                "Enter": "newlineAndIndent",
                "Insert": "toggleOverwrite",
                "Esc": "singleSelection",
                "Ctrl-a": "selectAll",
                "Shift-Delete": "deleteLine",
                "Ctrl-z": "undo",
                "Shift-Ctrl-Z": "redo",
                "Ctrl-y": "redo",
                "Ctrl-Home": "goDocStart",
                "Ctrl-End": "goDocEnd",
                "Ctrl-Up": "goLineUp",
                "Ctrl-Down": "goLineDown",
                "Ctrl-Left": "goGroupLeft",
                "Ctrl-Right": "goGroupRight",
                "Ctrl-Backspace": "delGroupBefore",
                "Ctrl-Delete": "delGroupAfter",
                "Ctrl-[": "indentLess",
                "Ctrl-]": "indentMore",
                "Ctrl-u": "undoSelection",
                "Shift-Ctrl-U": "redoSelection",
                "Ctrl-Shift-\\": "verticalMultiCursor",
                "Ctrl-/": "backSlashesToForward",
                "Ctrl-\\": "forwardSlashesToBack",
                "Ctrl-'": "escapeShellChars",
                "Ctrl-Shift-'": "unescapeShellChars"
            },
            "terminal-viewer": {
                "Ctrl-Enter": "typeSelection",
                "Ctrl-Shift-Enter": "typeSelectionAndCr",
                "Ctrl-Shift-P": "openCommandPalette",
                "fallthrough": "codemirror"
            },
            "text-viewer": {
                "Ctrl-Enter": "typeSelection",
                "Ctrl-Shift-Enter": "typeSelectionAndCr",
                "Ctrl-Shift-P": "openCommandPalette",
                "fallthrough": "codemirror"
            },
            "image-viewer": {
                "Up": "goUp",
                "Down": "goDown"
            },
            "viewer-tab": {
                "Ctrl-Shift-C": "copyToClipboard",
                "Ctrl-c": "copyToClipboard",
                "Shift-Insert": "pasteFromClipboard",
                "Ctrl-Shift-V": "pasteFromClipboard",
                "Ctrl-v": "pasteFromClipboard",
                "Ctrl-Plus": "increaseFontSize",
                "Ctrl-Minus": "decreaseFontSize",
                "Ctrl-=": "resetFontSize"
            }
        },
        "keyBindingsFiles": [
            {
                "name": "PC with emacs style bindings",
                "filename": "keybindings-emacs.json"
            },
            {
                "name": "Mac OS X with emacs bindings",
                "filename": "keybindings-osx-emacs.json"
            },
            {
                "name": "Mac OS X bindings",
                "filename": "keybindings-osx.json"
            },
            {
                "name": "PC style bindings",
                "filename": "keybindings.json"
            }
        ],
        "availableFonts": [
            {
                "path": "/home/tom/apps/extraterm/resources/app/extraterm/resources/terminal_fonts/DejaVuSansMono.ttf",
                "name": "DejaVu Sans Mono",
                "postscriptName": "DejaVuSansMono"
            },
            {
                "name": "Samyak Devanagari",
                "path": "/usr/share/fonts/truetype/samyak/Samyak-Devanagari.ttf",
                "postscriptName": "Samyak-Devanagari"
            },
            {
                "name": "Kalimati",
                "path": "/usr/share/fonts/truetype/fonts-deva-extra/kalimati.ttf",
                "postscriptName": "Kalimati"
            },
            {
                "name": "Samyak Tamil",
                "path": "/usr/share/fonts/truetype/samyak-fonts/Samyak-Tamil.ttf",
                "postscriptName": "Samyak-Tamil"
            },
            {
                "name": "Navilu Normal",
                "path": "/usr/share/fonts/truetype/Navilu/Navilu.ttf",
                "postscriptName": "Navilu"
            },
            {
                "name": "RaghuMalayalam Sans",
                "path": "/usr/share/fonts/truetype/malayalam-fonts/RaghuMalayalamSans.ttf",
                "postscriptName": "RaghuMalayalamSans"
            },
            {
                "name": "Lohit Malayalam",
                "path": "/usr/share/fonts/truetype/lohit-malayalam/Lohit-Malayalam.ttf",
                "postscriptName": "Lohit-Malayalam"
            },
            {
                "name": "Pothana2000",
                "path": "/usr/share/fonts/truetype/fonts-telu-extra/Pothana2000.ttf",
                "postscriptName": "Pothana2000"
            },
            {
                "name": "Lohit Oriya",
                "path": "/usr/share/fonts/truetype/lohit-oriya/Lohit-Oriya.ttf",
                "postscriptName": "Lohit-Oriya"
            },
            {
                "name": "DejaVu Sans Book",
                "path": "/usr/share/fonts/truetype/dejavu/DejaVuSans.ttf",
                "postscriptName": "DejaVuSans"
            },
            {
                "name": "Samanata",
                "path": "/usr/share/fonts/truetype/fonts-deva-extra/samanata.ttf",
                "postscriptName": "Samanata"
            },
            {
                "name": "Saab",
                "path": "/usr/share/fonts/truetype/fonts-guru-extra/Saab.ttf",
                "postscriptName": "Saab"
            },
            {
                "name": "aakar medium",
                "path": "/usr/share/fonts/truetype/fonts-gujr-extra/aakar-medium.ttf",
                "postscriptName": "aakar-medium"
            },
            {
                "name": "Meera",
                "path": "/usr/share/fonts/truetype/malayalam-fonts/Meera.ttf",
                "postscriptName": "Meera"
            },
            {
                "name": "Lato Medium",
                "path": "/usr/share/fonts/truetype/lato/Lato-Medium.ttf",
                "postscriptName": "Lato-Medium"
            },
            {
                "name": "Lohit Devanagari",
                "path": "/usr/share/fonts/truetype/lohit-devanagari/Lohit-Devanagari.ttf",
                "postscriptName": "Lohit-Devanagari"
            },
            {
                "name": "Kalyani Book",
                "path": "/usr/share/fonts/truetype/malayalam-fonts/Kalyani.ttf",
                "postscriptName": "Kalyani"
            },
            {
                "name": "Pagul",
                "path": "/usr/share/fonts/truetype/pagul/Pagul.ttf",
                "postscriptName": "Pagul"
            },
            {
                "name": "Mukti Narrow",
                "path": "/usr/share/fonts/truetype/fonts-beng-extra/MuktiNarrow.ttf",
                "postscriptName": "muktinarrow"
            },
            {
                "name": "Lohit Telugu",
                "path": "/usr/share/fonts/truetype/lohit-telugu/Lohit-Telugu.ttf",
                "postscriptName": "Lohit-Telugu"
            },
            {
                "name": "Vemana2000",
                "path": "/usr/share/fonts/truetype/fonts-telu-extra/vemana2000.ttf",
                "postscriptName": "Vemana2000"
            },
            {
                "name": "Mitra Mono",
                "path": "/usr/share/fonts/truetype/fonts-beng-extra/mitra.ttf",
                "postscriptName": "Mitra"
            },
            {
                "name": "Likhan Normal",
                "path": "/usr/share/fonts/truetype/fonts-beng-extra/LikhanNormal.ttf",
                "postscriptName": "LikhanNormal"
            },
            {
                "name": "Liberation Sans",
                "path": "/usr/share/fonts/truetype/liberation/LiberationSans-Regular.ttf",
                "postscriptName": "LiberationSans"
            },
            {
                "name": "Lato Black",
                "path": "/usr/share/fonts/truetype/lato/Lato-Black.ttf",
                "postscriptName": "Lato-Black"
            },
            {
                "name": "Nakula",
                "path": "/usr/share/fonts/truetype/Nakula/nakula.ttf",
                "postscriptName": "Nakula"
            },
            {
                "name": "Samyak Malayalam Medium",
                "path": "/usr/share/fonts/truetype/samyak-fonts/Samyak-Malayalam.ttf",
                "postscriptName": "Samyak-Malayalam"
            },
            {
                "name": "Lohit Tamil",
                "path": "/usr/share/fonts/truetype/lohit-tamil/Lohit-Tamil.ttf",
                "postscriptName": "Lohit-Tamil"
            },
            {
                "name": "DejaVu Sans Condensed",
                "path": "/usr/share/fonts/truetype/dejavu/DejaVuSansCondensed.ttf",
                "postscriptName": "DejaVuSansCondensed"
            },
            {
                "name": "Lohit Assamese",
                "path": "/usr/share/fonts/truetype/lohit-assamese/Lohit-Assamese.ttf",
                "postscriptName": "Lohit-Assamese"
            },
            {
                "name": "Lato Hairline",
                "path": "/usr/share/fonts/truetype/lato/Lato-Hairline.ttf",
                "postscriptName": "Lato-Hairline"
            },
            {
                "name": "Rachana",
                "path": "/usr/share/fonts/truetype/malayalam-fonts/Rachana.ttf",
                "postscriptName": "Rachana"
            },
            {
                "name": "Samyak Gujarati",
                "path": "/usr/share/fonts/truetype/samyak-fonts/Samyak-Gujarati.ttf",
                "postscriptName": "Samyak-Gujarati"
            },
            {
                "name": "Lato Thin",
                "path": "/usr/share/fonts/truetype/lato/Lato-Thin.ttf",
                "postscriptName": "Lato-Thin"
            },
            {
                "name": "Ani",
                "path": "/usr/share/fonts/truetype/fonts-beng-extra/ani.ttf",
                "postscriptName": "Ani"
            },
            {
                "name": "DejaVu Sans ExtraLight",
                "path": "/usr/share/fonts/truetype/dejavu/DejaVuSans-ExtraLight.ttf",
                "postscriptName": "DejaVuSans-ExtraLight"
            },
            {
                "name": "Jamrul Normal",
                "path": "/usr/share/fonts/truetype/fonts-beng-extra/JamrulNormal.ttf",
                "postscriptName": "JamrulNormal"
            },
            {
                "name": "padmaa regular",
                "path": "/usr/share/fonts/truetype/fonts-gujr-extra/padmaa-Medium-0.5.ttf",
                "postscriptName": "padmaa-Medium"
            },
            {
                "name": "Lato Semibold",
                "path": "/usr/share/fonts/truetype/lato/Lato-Semibold.ttf",
                "postscriptName": "Lato-Semibold"
            },
            {
                "name": "Lohit Kannada",
                "path": "/usr/share/fonts/truetype/lohit-kannada/Lohit-Kannada.ttf",
                "postscriptName": "Lohit-Kannada"
            },
            {
                "name": "Lohit Gujarati",
                "path": "/usr/share/fonts/truetype/lohit-gujarati/Lohit-Gujarati.ttf",
                "postscriptName": "Lohit-Gujarati"
            },
            {
                "name": "Lohit Punjabi",
                "path": "/usr/share/fonts/truetype/lohit-punjabi/Lohit-Punjabi.ttf",
                "postscriptName": "Lohit-Punjabi"
            },
            {
                "name": "Kalapi",
                "path": "/usr/share/fonts/truetype/fonts-kalapi/Kalapi.ttf",
                "postscriptName": "Kalapi"
            },
            {
                "name": "DejaVu Serif Book",
                "path": "/usr/share/fonts/truetype/dejavu/DejaVuSerif.ttf",
                "postscriptName": "DejaVuSerif"
            },
            {
                "name": "Sarai",
                "path": "/usr/share/fonts/truetype/Sarai/Sarai.ttf",
                "postscriptName": "Sarai"
            },
            {
                "name": "Sahadeva",
                "path": "/usr/share/fonts/truetype/Sahadeva/sahadeva.ttf",
                "postscriptName": "Sahadeva"
            },
            {
                "name": "Lohit Bengali",
                "path": "/usr/share/fonts/truetype/lohit-bengali/Lohit-Bengali.ttf",
                "postscriptName": "Lohit-Bengali"
            },
            {
                "name": "Liberation Serif",
                "path": "/usr/share/fonts/truetype/liberation/LiberationSerif-Regular.ttf",
                "postscriptName": "LiberationSerif"
            },
            {
                "name": "Liberation Sans Narrow",
                "path": "/usr/share/fonts/truetype/liberation/LiberationSansNarrow-Regular.ttf",
                "postscriptName": "LiberationSansNarrow"
            },
            {
                "name": "ori1Uni Medium",
                "path": "/usr/share/fonts/truetype/fonts-orya-extra/utkal.ttf",
                "postscriptName": "utkal"
            },
            {
                "name": "Lato",
                "path": "/usr/share/fonts/truetype/lato/Lato-Regular.ttf",
                "postscriptName": "Lato-Regular"
            },
            {
                "name": "Suruma Medium",
                "path": "/usr/share/fonts/truetype/malayalam-fonts/Suruma.ttf",
                "postscriptName": "Suruma"
            },
            {
                "name": "Lohit Tamil Classical",
                "path": "/usr/share/fonts/truetype/lohit-tamil-classical/Lohit-Tamil-Classical.ttf",
                "postscriptName": "Lohit-Tamil-Classical"
            },
            {
                "name": "DejaVu Serif Condensed",
                "path": "/usr/share/fonts/truetype/dejavu/DejaVuSerifCondensed.ttf",
                "postscriptName": "DejaVuSerifCondensed"
            },
            {
                "name": "Chandas",
                "path": "/usr/share/fonts/truetype/fonts-deva-extra/chandas1-2.ttf",
                "postscriptName": "Chandas"
            },
            {
                "name": "Gargi",
                "path": "/usr/share/fonts/truetype/Gargi/Gargi.ttf",
                "postscriptName": "Gargi"
            },
            {
                "name": "Dyuthi",
                "path": "/usr/share/fonts/truetype/malayalam-fonts/Dyuthi.ttf",
                "postscriptName": "Dyuthi"
            },
            {
                "name": "padmaa Normal",
                "path": "/usr/share/fonts/truetype/fonts-gujr-extra/padmaa.ttf",
                "postscriptName": "padmaa"
            },
            {
                "name": "Lato Light",
                "path": "/usr/share/fonts/truetype/lato/Lato-Light.ttf",
                "postscriptName": "Lato-Light"
            },
            {
                "name": "Gubbi Normal",
                "path": "/usr/share/fonts/truetype/Gubbi/Gubbi.ttf",
                "postscriptName": "Gubbi"
            },
            {
                "name": "Liberation Mono",
                "path": "/usr/share/fonts/truetype/liberation/LiberationMono-Regular.ttf",
                "postscriptName": "LiberationMono"
            },
            {
                "name": "Rekha Medium",
                "path": "/usr/share/fonts/truetype/fonts-gujr-extra/Rekha.ttf",
                "postscriptName": "Rekha"
            }
        ],
        "titleBarVisible": false,
        "currentScaleFactor": 1,
        "originalScaleFactor": 1
    },
    "expandedProfiles": [
        {
            "name": "Default",
            "type": "unix",
            "command": "/bin/bash",
            "arguments": [],
            "extraEnv": {}
        }
    ],
    "blinkingCursor": false,
    "scrollbackMaxLines": 500000,
    "scrollbackMaxFrames": 100,
    "showTips": "never",
    "tipTimestamp": 1525032914144,
    "tipCounter": 1,
    "themeTerminal": "tango-terminal",
    "themeSyntax": "default-syntax",
    "themeGUI": "atomic-dark-ui",
    "showTitleBar": false,
    "commandLineActions": [
        {
            "frame": true,
            "match": "cd",
            "matchType": "name"
        },
        {
            "frame": true,
            "match": "rm",
            "matchType": "name"
        },
        {
            "frame": true,
            "match": "mkdir",
            "matchType": "name"
        },
        {
            "frame": true,
            "match": "rmdir",
            "matchType": "name"
        },
        {
            "frame": true,
            "match": "mv",
            "matchType": "name"
        },
        {
            "frame": true,
            "match": "cp",
            "matchType": "name"
        },
        {
            "frame": true,
            "match": "chmod",
            "matchType": "name"
        },
        {
            "frame": true,
            "match": "show",
            "matchType": "name"
        },
        {
            "frame": true,
            "match": "fd",
            "matchType": "name"
        },
        {
            "frame": true,
            "match": "apt-get",
            "matchType": "name"
        }
    ],
    "keyBindingsFilename": "keybindings.json",
    "terminalFontSize": 12,
    "terminalFont": "DejaVuSansMono",
    "uiScalePercent": 100,
    "windowConfiguration": {
        "0": {
            "x": 960,
            "y": 31,
            "width": 960,
            "height": 1050
        }
    }
}
